GROUP,PACKAGE,CLASS,INSTRUCTION_MISSED,INSTRUCTION_COVERED,BRANCH_MISSED,BRANCH_COVERED,LINE_MISSED,LINE_COVERED,COMPLEXITY_MISSED,COMPLEXITY_COVERED,METHOD_MISSED,METHOD_COVERED
usuario,br.insper.app.entidade,Entidade,33,0,0,0,12,0,7,0,7,0
usuario,br.insper.app.entidade,EntidadeService,54,3,6,0,13,1,8,1,5,1
usuario,br.insper.app.entidade,EntidadeController,9,3,0,0,2,1,2,1,2,1
usuario,br.insper.app.entidade,CountEntidadeDTO,6,0,0,0,1,0,1,0,1,0
usuario,br.insper.app,Application,5,3,0,0,2,1,1,1,1,1
