GROUP,PACKAGE,CLASS,INSTRUCTION_MISSED,INSTRUCTION_COVERED,BRANCH_MISSED,BRANCH_COVERED,LINE_MISSED,LINE_COVERED,COMPLEXITY_MISSED,COMPLEXITY_COVERED,METHOD_MISSED,METHOD_COVERED
AI_zambao,br.insper.app.entidade,FerramentasService,18,0,0,0,5,0,4,0,4,0
AI_zambao,br.insper.app.entidade,FerramentasController,0,83,3,7,0,17,3,7,0,5
AI_zambao,br.insper.app.entidade,Ferramentas,19,48,0,0,7,19,4,10,4,10
AI_zambao,br.insper.app.entidade,CountEntidadeDTO,6,0,0,0,1,0,1,0,1,0
AI_zambao,br.insper.app,Application,8,0,0,0,3,0,2,0,2,0
